[2019-08-13T14:05:18.344] [info] myLog - (msg: this is an info line) lne(init_callback(): promise-appenders/test.js:55:17)
[2019-08-13T14:05:18.347] [error] myLog - (msg: error line goes here) error(log4js_tagline.callback: Some error is thrown here.) lne(init_callback(): promise-appenders/test.js:59:21)
[2019-08-13T14:05:18.351] [debug] myLog - (msg: time start json({"time":{"name":"time-track-span","data":{"start":[617755,914044300],"stop":"","seconds":"","milliseconds":"","nanoseconds":""}}})) lne(start_callback(): promise-appenders/test.js:98:17)
[2019-08-13T14:05:18.353] [debug] myLog - (msg: time start json({"time":{"name":"time-track","data":{"start":"8/13/2019 14:5:18","stop":"","seconds":""}}})) lne(start_callback(): promise-appenders/test.js:88:17)
[2019-08-13T14:05:20.371] [info] myLog - (msg: This is start of test)
[2019-08-13T14:05:20.374] [debug] myLog - (msg: time stop json({"time":{"name":"time-track","data":{"start":"8/13/2019 14:5:18","stop":"8/13/2019 14:5:20","seconds":2}}})) lne(stop_callback(): promise-appenders/test.js:93:17)
[2019-08-13T14:05:20.376] [info] myLog - (msg: This is the end of test)
[2019-08-13T14:05:20.378] [info] myLog - (msg: promise resolve json({"success":[{"message":"a_promise test done with all parameter"},{"environment":"test"},{"logging":"log4js-tagline"},{"name":"a_promise","type":"promise"},{"name":"another_promise","type":"promise"},{"time":{"name":"time-track","data":{"start":"8/13/2019 14:5:18","stop":"8/13/2019 14:5:20","seconds":2}}},{"time":{"name":"time-track-span","data":{"start":[617755,914044300],"stop":"","seconds":"","milliseconds":"","nanoseconds":""}}}]})) lne(resolve_callback(): promise-appenders/test.js:83:17)
[2019-08-13T14:05:21.388] [debug] myLog - (msg: This will display the class/function name.) class/function name(testClass.test_function)
[2019-08-13T14:05:21.396] [debug] myLog - (msg: time stop json({"time":{"name":"time-track-span","data":{"start":[617755,914044300],"stop":[617758,952748299],"seconds":3.039076,"milliseconds":3041,"nanoseconds":3041747800}}})) lne(stop_callback(): promise-appenders/test.js:103:17)
[2019-08-13T14:05:21.401] [mark] myLog - (msg: promise resolve json({"success":[{"message":"another_promise test done"},{"name":"another_promise","type":"promise"},{"time":{"name":"time-track-span","data":{"start":[617755,914044300],"stop":[617758,952748299],"seconds":3.039076,"milliseconds":3041,"nanoseconds":3041747800}}}]})) lne(resolve_callback(): promise-appenders/test.js:73:17)
[2019-08-13T14:19:43.670] [info] myLog - (msg: this is an info line) lne(init_callback(): promise-appenders/test.js:55:17)
[2019-08-13T14:19:43.672] [error] myLog - (msg: error line goes here) error(log4js_tagline.callback: Some error is thrown here.) lne(init_callback(): promise-appenders/test.js:59:21)
[2019-08-13T14:19:43.674] [debug] myLog - (msg: time start json({"time":{"name":"time-track-span","data":{"start":[618621,239161100],"stop":"","seconds":"","milliseconds":"","nanoseconds":""}}})) lne(start_callback(): promise-appenders/test.js:98:17)
[2019-08-13T14:19:43.676] [debug] myLog - (msg: time start json({"time":{"name":"time-track","data":{"start":"8/13/2019 14:19:43","stop":"","seconds":""}}})) lne(start_callback(): promise-appenders/test.js:88:17)
[2019-08-13T14:19:45.701] [info] myLog - (msg: This is start of test)
[2019-08-13T14:19:45.707] [debug] myLog - (msg: time stop json({"time":{"name":"time-track","data":{"start":"8/13/2019 14:19:43","stop":"8/13/2019 14:19:45","seconds":2}}})) lne(stop_callback(): promise-appenders/test.js:93:17)
[2019-08-13T14:19:45.710] [info] myLog - (msg: This is the end of test)
[2019-08-13T14:19:45.714] [info] myLog - (msg: promise resolve json({"success":[{"message":"a_promise test done with all parameter"},{"environment":"test"},{"logging":"log4js-tagline"},{"name":"a_promise","type":"promise"},{"name":"another_promise","type":"promise"},{"time":{"name":"time-track","data":{"start":"8/13/2019 14:19:43","stop":"8/13/2019 14:19:45","seconds":2}}},{"time":{"name":"time-track-span","data":{"start":[618621,239161100],"stop":"","seconds":"","milliseconds":"","nanoseconds":""}}}]})) lne(resolve_callback(): promise-appenders/test.js:83:17)
[2019-08-13T14:19:46.721] [debug] myLog - (msg: This will display the class/function name.) class/function name(testClass.test_function)
[2019-08-13T14:19:46.728] [debug] myLog - (msg: time stop json({"time":{"name":"time-track-span","data":{"start":[618621,239161100],"stop":[618624,287681300],"seconds":3.048872399,"milliseconds":3051,"nanoseconds":3051662400}}})) lne(stop_callback(): promise-appenders/test.js:103:17)
[2019-08-13T14:19:46.733] [mark] myLog - (msg: promise resolve json({"success":[{"message":"another_promise test done"},{"name":"another_promise","type":"promise"},{"time":{"name":"time-track-span","data":{"start":[618621,239161100],"stop":[618624,287681300],"seconds":3.048872399,"milliseconds":3051,"nanoseconds":3051662400}}}]})) lne(resolve_callback(): promise-appenders/test.js:73:17)
[2019-08-13T14:20:19.330] [info] myLog - (msg: this is an info line) lne(init_callback(): promise-appenders/test.js:55:17)
[2019-08-13T14:20:19.333] [error] myLog - (msg: error line goes here) error(log4js_tagline.callback: Some error is thrown here.) lne(init_callback(): promise-appenders/test.js:59:21)
[2019-08-13T14:20:19.335] [debug] myLog - (msg: time start json({"time":{"name":"time-track-span","data":{"start":[618656,898573100],"stop":"","seconds":"","milliseconds":"","nanoseconds":""}}})) lne(start_callback(): promise-appenders/test.js:98:17)
[2019-08-13T14:20:19.336] [debug] myLog - (msg: time start json({"time":{"name":"time-track","data":{"start":"8/13/2019 14:20:19","stop":"","seconds":""}}})) lne(start_callback(): promise-appenders/test.js:88:17)
[2019-08-13T14:20:21.348] [info] myLog - (msg: This is start of test)
[2019-08-13T14:20:21.352] [debug] myLog - (msg: time stop json({"time":{"name":"time-track","data":{"start":"8/13/2019 14:20:19","stop":"8/13/2019 14:20:21","seconds":2}}})) lne(stop_callback(): promise-appenders/test.js:93:17)
[2019-08-13T14:20:21.356] [info] myLog - (msg: This is the end of test)
[2019-08-13T14:20:21.360] [info] myLog - (msg: promise resolve json({"success":[{"message":"a_promise test done with all parameter"},{"environment":"test"},{"logging":"log4js-tagline"},{"name":"a_promise","type":"promise"},{"name":"another_promise","type":"promise"},{"time":{"name":"time-track","data":{"start":"8/13/2019 14:20:19","stop":"8/13/2019 14:20:21","seconds":2}}},{"time":{"name":"time-track-span","data":{"start":[618656,898573100],"stop":"","seconds":"","milliseconds":"","nanoseconds":""}}}]})) lne(resolve_callback(): promise-appenders/test.js:83:17)
[2019-08-13T14:20:22.374] [debug] myLog - (msg: This will display the class/function name.) class/function name(testClass.test_function)
[2019-08-13T14:20:22.379] [debug] myLog - (msg: time stop json({"time":{"name":"time-track-span","data":{"start":[618656,898573100],"stop":[618659,938866499],"seconds":3.0404834,"milliseconds":3042,"nanoseconds":3042330699}}})) lne(stop_callback(): promise-appenders/test.js:103:17)
[2019-08-13T14:20:22.383] [mark] myLog - (msg: promise resolve json({"success":[{"message":"another_promise test done"},{"name":"another_promise","type":"promise"},{"time":{"name":"time-track-span","data":{"start":[618656,898573100],"stop":[618659,938866499],"seconds":3.0404834,"milliseconds":3042,"nanoseconds":3042330699}}}]})) lne(resolve_callback(): promise-appenders/test.js:73:17)
